# JRE version: OpenJDK Runtime Environment Temurin-17.0.8+7 (17.0.8+7) (build 17.0.8+7)
# Java VM: OpenJDK 64-Bit Server VM Temurin-17.0.8+7 (17.0.8+7, mixed mode, tiered, compressed oops, compressed class ptrs, g1 gc, windows-amd64)
GC Precious Log:
 CPUs: 4 total, 4 available
 Memory: 8097M
 Large Page Support: Disabled
 NUMA Support: Disabled
 Compressed Oops: Enabled (32-bit)
 Heap Region Size: 1M
 Heap Min Capacity: 8M
 Heap Initial Capacity: 128M
 Heap Max Capacity: 2026M
 Pre-touch: Disabled
 Parallel Workers: 4
 Concurrent Workers: 1
 Concurrent Refinement Workers: 4
 Periodic GC: Disabled
Heap:
 garbage-first heap   total 262144K, used 788K [0x0000000081600000, 0x0000000100000000)
  region size 1024K, 1 young (1024K), 1 survivors (1024K)
 Metaspace       used 4883K, committed 5056K, reserved 1114112K
  class space    used 379K, committed 448K, reserved 1048576K
GC Heap History (20 events):
Event: 2.372 GC heap after
{Heap after GC invocations=1 (full 0):
 garbage-first heap   total 131072K, used 629K [0x0000000081600000, 0x0000000100000000)
  region size 1024K, 1 young (1024K), 1 survivors (1024K)
 Metaspace       used 4883K, committed 5056K, reserved 1114112K
  class space    used 379K, committed 448K, reserved 1048576K
}
Event: 2.392 GC heap before
{Heap before GC invocations=1 (full 0):
 garbage-first heap   total 131072K, used 19061K [0x0000000081600000, 0x0000000100000000)
  region size 1024K, 20 young (20480K), 1 survivors (1024K)
 Metaspace       used 4883K, committed 5056K, reserved 1114112K
  class space    used 379K, committed 448K, reserved 1048576K
}
Event: 2.397 GC heap after
{Heap after GC invocations=2 (full 0):
 garbage-first heap   total 131072K, used 633K [0x0000000081600000, 0x0000000100000000)
  region size 1024K, 1 young (1024K), 1 survivors (1024K)
 Metaspace       used 4883K, committed 5056K, reserved 1114112K
  class space    used 379K, committed 448K, reserved 1048576K
}
Event: 2.497 GC heap before
{Heap before GC invocations=2 (full 0):
 garbage-first heap   total 131072K, used 76409K [0x0000000081600000, 0x0000000100000000)
  region size 1024K, 76 young (77824K), 1 survivors (1024K)
 Metaspace       used 4883K, committed 5056K, reserved 1114112K
  class space    used 379K, committed 448K, reserved 1048576K
}
Event: 2.499 GC heap after
{Heap after GC invocations=3 (full 0):
 garbage-first heap   total 131072K, used 624K [0x0000000081600000, 0x0000000100000000)
  region size 1024K, 1 young (1024K), 1 survivors (1024K)
 Metaspace       used 4883K, committed 5056K, reserved 1114112K
  class space    used 379K, committed 448K, reserved 1048576K
}
Event: 2.527 GC heap before
{Heap before GC invocations=3 (full 0):
 garbage-first heap   total 131072K, used 76400K [0x0000000081600000, 0x0000000100000000)
  region size 1024K, 76 young (77824K), 1 survivors (1024K)
 Metaspace       used 4883K, committed 5056K, reserved 1114112K
  class space    used 379K, committed 448K, reserved 1048576K
}
Event: 2.530 GC heap after
{Heap after GC invocations=4 (full 0):
 garbage-first heap   total 131072K, used 672K [0x0000000081600000, 0x0000000100000000)
  region size 1024K, 1 young (1024K), 1 survivors (1024K)
 Metaspace       used 4883K, committed 5056K, reserved 1114112K
  class space    used 379K, committed 448K, reserved 1048576K
}
Event: 2.554 GC heap before
{Heap before GC invocations=4 (full 0):
 garbage-first heap   total 131072K, used 76448K [0x0000000081600000, 0x0000000100000000)
  region size 1024K, 76 young (77824K), 1 survivors (1024K)
 Metaspace       used 4883K, committed 5056K, reserved 1114112K
  class space    used 379K, committed 448K, reserved 1048576K
}
Event: 2.556 GC heap after
{Heap after GC invocations=5 (full 0):
 garbage-first heap   total 131072K, used 653K [0x0000000081600000, 0x0000000100000000)
  region size 1024K, 1 young (1024K), 1 survivors (1024K)
 Metaspace       used 4883K, committed 5056K, reserved 1114112K
  class space    used 379K, committed 448K, reserved 1048576K
}
Event: 2.578 GC heap before
{Heap before GC invocations=5 (full 0):
 garbage-first heap   total 131072K, used 76429K [0x0000000081600000, 0x0000000100000000)
  region size 1024K, 76 young (77824K), 1 survivors (1024K)
 Metaspace       used 4883K, committed 5056K, reserved 1114112K
  class space    used 379K, committed 448K, reserved 1048576K
}
Event: 2.582 GC heap after
{Heap after GC invocations=6 (full 0):
 garbage-first heap   total 262144K, used 665K [0x0000000081600000, 0x0000000100000000)
  region size 1024K, 1 young (1024K), 1 survivors (1024K)
 Metaspace       used 4883K, committed 5056K, reserved 1114112K
  class space    used 379K, committed 448K, reserved 1048576K
}
Event: 2.743 GC heap before
{Heap before GC invocations=6 (full 0):
 garbage-first heap   total 262144K, used 155289K [0x0000000081600000, 0x0000000100000000)
  region size 1024K, 153 young (156672K), 1 survivors (1024K)
 Metaspace       used 4883K, committed 5056K, reserved 1114112K
  class space    used 379K, committed 448K, reserved 1048576K
}
Event: 2.745 GC heap after
{Heap after GC invocations=7 (full 0):
 garbage-first heap   total 262144K, used 720K [0x0000000081600000, 0x0000000100000000)
  region size 1024K, 1 young (1024K), 1 survivors (1024K)
 Metaspace       used 4883K, committed 5056K, reserved 1114112K
  class space    used 379K, committed 448K, reserved 1048576K
}
Event: 2.778 GC heap before
{Heap before GC invocations=7 (full 0):
 garbage-first heap   total 262144K, used 155344K [0x0000000081600000, 0x0000000100000000)
  region size 1024K, 153 young (156672K), 1 survivors (1024K)
 Metaspace       used 4883K, committed 5056K, reserved 1114112K
  class space    used 379K, committed 448K, reserved 1048576K
}
Event: 2.779 GC heap after
{Heap after GC invocations=8 (full 0):
 garbage-first heap   total 262144K, used 713K [0x0000000081600000, 0x0000000100000000)
  region size 1024K, 1 young (1024K), 1 survivors (1024K)
 Metaspace       used 4883K, committed 5056K, reserved 1114112K
  class space    used 379K, committed 448K, reserved 1048576K
}
Event: 2.810 GC heap before
{Heap before GC invocations=8 (full 0):
 garbage-first heap   total 262144K, used 155337K [0x0000000081600000, 0x0000000100000000)
  region size 1024K, 153 young (156672K), 1 survivors (1024K)
 Metaspace       used 4883K, committed 5056K, reserved 1114112K
  class space    used 379K, committed 448K, reserved 1048576K
}
Event: 2.811 GC heap after
{Heap after GC invocations=9 (full 0):
 garbage-first heap   total 262144K, used 696K [0x0000000081600000, 0x0000000100000000)
  region size 1024K, 1 young (1024K), 1 survivors (1024K)
 Metaspace       used 4883K, committed 5056K, reserved 1114112K
  class space    used 379K, committed 448K, reserved 1048576K
}
Event: 2.839 GC heap before
{Heap before GC invocations=9 (full 0):
 garbage-first heap   total 262144K, used 155320K [0x0000000081600000, 0x0000000100000000)
  region size 1024K, 153 young (156672K), 1 survivors (1024K)
 Metaspace       used 4883K, committed 5056K, reserved 1114112K
  class space    used 379K, committed 448K, reserved 1048576K
}
Event: 2.840 GC heap after
{Heap after GC invocations=10 (full 0):
 garbage-first heap   total 262144K, used 701K [0x0000000081600000, 0x0000000100000000)
  region size 1024K, 1 young (1024K), 1 survivors (1024K)
 Metaspace       used 4883K, committed 5056K, reserved 1114112K
  class space    used 379K, committed 448K, reserved 1048576K
}
Event: 2.868 GC heap before
{Heap before GC invocations=10 (full 0):
 garbage-first heap   total 262144K, used 155325K [0x0000000081600000, 0x0000000100000000)
  region size 1024K, 153 young (156672K), 1 survivors (1024K)
 Metaspace       used 4883K, committed 5056K, reserved 1114112K
  class space    used 379K, committed 448K, reserved 1048576K
}

