# JRE version: OpenJDK Runtime Environment Temurin-17.0.8+7 (17.0.8+7) (build 17.0.8+7)
# Java VM: OpenJDK 64-Bit Server VM Temurin-17.0.8+7 (17.0.8+7, mixed mode, tiered, compressed oops, compressed class ptrs, g1 gc, windows-amd64)
GC Precious Log:
 CPUs: 4 total, 4 available
 Memory: 8097M
 Large Page Support: Disabled
 NUMA Support: Disabled
 Compressed Oops: Enabled (32-bit)
 Heap Region Size: 1M
 Heap Min Capacity: 8M
 Heap Initial Capacity: 128M
 Heap Max Capacity: 2026M
 Pre-touch: Disabled
 Parallel Workers: 4
 Concurrent Workers: 1
 Concurrent Refinement Workers: 4
 Periodic GC: Disabled
Heap:
 garbage-first heap   total 396288K, used 1632K [0x0000000081600000, 0x0000000100000000)
  region size 1024K, 1 young (1024K), 1 survivors (1024K)
 Metaspace       used 4888K, committed 5056K, reserved 1114112K
  class space    used 379K, committed 448K, reserved 1048576K
GC Heap History (20 events):
Event: 9.969 GC heap after
{Heap after GC invocations=221 (full 0):
 garbage-first heap   total 396288K, used 1112K [0x0000000081600000, 0x0000000100000000)
  region size 1024K, 1 young (1024K), 1 survivors (1024K)
 Metaspace       used 4888K, committed 5056K, reserved 1114112K
  class space    used 379K, committed 448K, reserved 1048576K
}
Event: 10.031 GC heap before
{Heap before GC invocations=221 (full 0):
 garbage-first heap   total 396288K, used 236632K [0x0000000081600000, 0x0000000100000000)
  region size 1024K, 232 young (237568K), 1 survivors (1024K)
 Metaspace       used 4888K, committed 5056K, reserved 1114112K
  class space    used 379K, committed 448K, reserved 1048576K
}
Event: 10.032 GC heap after
{Heap after GC invocations=222 (full 0):
 garbage-first heap   total 396288K, used 1114K [0x0000000081600000, 0x0000000100000000)
  region size 1024K, 1 young (1024K), 1 survivors (1024K)
 Metaspace       used 4888K, committed 5056K, reserved 1114112K
  class space    used 379K, committed 448K, reserved 1048576K
}
Event: 10.085 GC heap before
{Heap before GC invocations=222 (full 0):
 garbage-first heap   total 396288K, used 236634K [0x0000000081600000, 0x0000000100000000)
  region size 1024K, 232 young (237568K), 1 survivors (1024K)
 Metaspace       used 4888K, committed 5056K, reserved 1114112K
  class space    used 379K, committed 448K, reserved 1048576K
}
Event: 10.086 GC heap after
{Heap after GC invocations=223 (full 0):
 garbage-first heap   total 396288K, used 1115K [0x0000000081600000, 0x0000000100000000)
  region size 1024K, 1 young (1024K), 1 survivors (1024K)
 Metaspace       used 4888K, committed 5056K, reserved 1114112K
  class space    used 379K, committed 448K, reserved 1048576K
}
Event: 10.130 GC heap before
{Heap before GC invocations=223 (full 0):
 garbage-first heap   total 396288K, used 236635K [0x0000000081600000, 0x0000000100000000)
  region size 1024K, 232 young (237568K), 1 survivors (1024K)
 Metaspace       used 4888K, committed 5056K, reserved 1114112K
  class space    used 379K, committed 448K, reserved 1048576K
}
Event: 10.131 GC heap after
{Heap after GC invocations=224 (full 0):
 garbage-first heap   total 396288K, used 1116K [0x0000000081600000, 0x0000000100000000)
  region size 1024K, 1 young (1024K), 1 survivors (1024K)
 Metaspace       used 4888K, committed 5056K, reserved 1114112K
  class space    used 379K, committed 448K, reserved 1048576K
}
Event: 10.176 GC heap before
{Heap before GC invocations=224 (full 0):
 garbage-first heap   total 396288K, used 236636K [0x0000000081600000, 0x0000000100000000)
  region size 1024K, 232 young (237568K), 1 survivors (1024K)
 Metaspace       used 4888K, committed 5056K, reserved 1114112K
  class space    used 379K, committed 448K, reserved 1048576K
}
Event: 10.177 GC heap after
{Heap after GC invocations=225 (full 0):
 garbage-first heap   total 396288K, used 1118K [0x0000000081600000, 0x0000000100000000)
  region size 1024K, 1 young (1024K), 1 survivors (1024K)
 Metaspace       used 4888K, committed 5056K, reserved 1114112K
  class space    used 379K, committed 448K, reserved 1048576K
}
Event: 10.233 GC heap before
{Heap before GC invocations=225 (full 0):
 garbage-first heap   total 396288K, used 236638K [0x0000000081600000, 0x0000000100000000)
  region size 1024K, 232 young (237568K), 1 survivors (1024K)
 Metaspace       used 4888K, committed 5056K, reserved 1114112K
  class space    used 379K, committed 448K, reserved 1048576K
}
Event: 10.233 GC heap after
{Heap after GC invocations=226 (full 0):
 garbage-first heap   total 396288K, used 1119K [0x0000000081600000, 0x0000000100000000)
  region size 1024K, 1 young (1024K), 1 survivors (1024K)
 Metaspace       used 4888K, committed 5056K, reserved 1114112K
  class space    used 379K, committed 448K, reserved 1048576K
}
Event: 10.321 GC heap before
{Heap before GC invocations=226 (full 0):
 garbage-first heap   total 396288K, used 331871K [0x0000000081600000, 0x0000000100000000)
  region size 1024K, 153 young (156672K), 1 survivors (1024K)
 Metaspace       used 4888K, committed 5056K, reserved 1114112K
  class space    used 379K, committed 448K, reserved 1048576K
}
Event: 10.338 GC heap after
{Heap after GC invocations=227 (full 0):
 garbage-first heap   total 396288K, used 1632K [0x0000000081600000, 0x0000000100000000)
  region size 1024K, 1 young (1024K), 1 survivors (1024K)
 Metaspace       used 4888K, committed 5056K, reserved 1114112K
  class space    used 379K, committed 448K, reserved 1048576K
}
Event: 10.355 GC heap before
{Heap before GC invocations=227 (full 0):
 garbage-first heap   total 396288K, used 177760K [0x0000000081600000, 0x0000000100000000)
  region size 1024K, 2 young (2048K), 1 survivors (1024K)
 Metaspace       used 4888K, committed 5056K, reserved 1114112K
  class space    used 379K, committed 448K, reserved 1048576K
}
Event: 10.356 GC heap after
{Heap after GC invocations=228 (full 0):
 garbage-first heap   total 396288K, used 1632K [0x0000000081600000, 0x0000000100000000)
  region size 1024K, 1 young (1024K), 1 survivors (1024K)
 Metaspace       used 4888K, committed 5056K, reserved 1114112K
  class space    used 379K, committed 448K, reserved 1048576K
}
Event: 10.373 GC heap before
{Heap before GC invocations=228 (full 0):
 garbage-first heap   total 396288K, used 177760K [0x0000000081600000, 0x0000000100000000)
  region size 1024K, 2 young (2048K), 1 survivors (1024K)
 Metaspace       used 4888K, committed 5056K, reserved 1114112K
  class space    used 379K, committed 448K, reserved 1048576K
}
Event: 10.374 GC heap after
{Heap after GC invocations=229 (full 0):
 garbage-first heap   total 396288K, used 1632K [0x0000000081600000, 0x0000000100000000)
  region size 1024K, 1 young (1024K), 1 survivors (1024K)
 Metaspace       used 4888K, committed 5056K, reserved 1114112K
  class space    used 379K, committed 448K, reserved 1048576K
}
Event: 10.392 GC heap before
{Heap before GC invocations=229 (full 0):
 garbage-first heap   total 396288K, used 177760K [0x0000000081600000, 0x0000000100000000)
  region size 1024K, 2 young (2048K), 1 survivors (1024K)
 Metaspace       used 4888K, committed 5056K, reserved 1114112K
  class space    used 379K, committed 448K, reserved 1048576K
}
Event: 10.392 GC heap after
{Heap after GC invocations=230 (full 0):
 garbage-first heap   total 396288K, used 1632K [0x0000000081600000, 0x0000000100000000)
  region size 1024K, 1 young (1024K), 1 survivors (1024K)
 Metaspace       used 4888K, committed 5056K, reserved 1114112K
  class space    used 379K, committed 448K, reserved 1048576K
}
Event: 10.410 GC heap before
{Heap before GC invocations=230 (full 0):
 garbage-first heap   total 396288K, used 177760K [0x0000000081600000, 0x0000000100000000)
  region size 1024K, 2 young (2048K), 1 survivors (1024K)
 Metaspace       used 4888K, committed 5056K, reserved 1114112K
  class space    used 379K, committed 448K, reserved 1048576K
}

